<?xml version="1.0" encoding="UTF-8"?>
<!-- Generated by org.testng.reporters.JUnitReportReporter -->
<testsuite skipped="0" hostname="DESKTOP-QM6OV0O" name="com.q_ticket.testcases.Sample" tests="1" failures="0" timestamp="28 Jun 2020 12:23:36 GMT" time="9.199" errors="0">
  <testcase name="extentReportsDemo" time="9.199" classname="com.q_ticket.testcases.Sample"/>
</testsuite> <!-- com.q_ticket.testcases.Sample -->
