<?xml version="1.0" encoding="UTF-8"?>
<!-- Generated by org.testng.reporters.JUnitReportReporter -->
<testsuite skipped="2" hostname="DESKTOP-QM6OV0O" name="com.q_ticket.testcases.Admin_LandingPageTest" tests="3" failures="0" timestamp="13 Jul 2020 11:44:06 GMT" time="16.739" errors="0">
  <testcase name="VerifyInvalidLogin" time="16.739" classname="com.q_ticket.testcases.Admin_LandingPageTest"/>
  <testcase name="login" classname="com.q_ticket.testcases.Admin_LandingPageTest">
    <skipped/>
  </testcase> <!-- login -->
  <testcase name="VerifyAdminlanding" classname="com.q_ticket.testcases.Admin_LandingPageTest">
    <skipped/>
  </testcase> <!-- VerifyAdminlanding -->
</testsuite> <!-- com.q_ticket.testcases.Admin_LandingPageTest -->
